2025-04-04 16:53:46,042 - __main__ - INFO - Starting bot with token: 7381...
2025-04-04 16:53:46,073 - __main__ - INFO - Database initialized
2025-04-04 16:53:46,073 - __main__ - INFO - Starting polling...
2025-04-04 16:53:48,161 - __main__ - INFO - Starting bot with token: 7381...
2025-04-04 16:53:48,180 - __main__ - INFO - Database initialized
2025-04-04 16:53:48,180 - __main__ - INFO - Starting polling...
2025-04-04 16:55:13,242 - telegram_bot_runner - INFO - Starting bot with token: 7381...
2025-04-04 16:55:13,264 - telegram_bot_runner - INFO - Database initialized
2025-04-04 16:55:13,266 - telegram_bot_runner - INFO - Starting bot polling...
2025-04-04 16:55:13,266 - telegram_bot_runner - ERROR - Error in polling loop: 'coroutine' object is not iterable
2025-04-04 16:55:13,269 - telegram_bot_runner - INFO - Bot is running in background thread...
2025-04-04 16:55:15,309 - telegram_bot_runner - INFO - Starting bot with token: 7381...
2025-04-04 16:55:15,333 - telegram_bot_runner - INFO - Database initialized
2025-04-04 16:55:15,334 - telegram_bot_runner - INFO - Starting bot polling...
2025-04-04 16:55:15,334 - telegram_bot_runner - ERROR - Error in polling loop: 'coroutine' object is not iterable
2025-04-04 16:55:15,336 - telegram_bot_runner - INFO - Bot is running in background thread...
2025-04-04 16:55:20,336 - telegram_bot_runner - ERROR - Error in polling loop: 'coroutine' object is not iterable
2025-04-04 16:55:25,337 - telegram_bot_runner - ERROR - Error in polling loop: 'coroutine' object is not iterable
2025-04-04 16:55:30,337 - telegram_bot_runner - ERROR - Error in polling loop: 'coroutine' object is not iterable
2025-04-04 16:55:35,337 - telegram_bot_runner - ERROR - Error in polling loop: 'coroutine' object is not iterable
2025-04-04 16:55:40,338 - telegram_bot_runner - ERROR - Error in polling loop: 'coroutine' object is not iterable
2025-04-04 16:55:45,340 - telegram_bot_runner - ERROR - Error in polling loop: 'coroutine' object is not iterable
2025-04-04 16:55:50,340 - telegram_bot_runner - ERROR - Error in polling loop: 'coroutine' object is not iterable
2025-04-04 16:55:55,340 - telegram_bot_runner - ERROR - Error in polling loop: 'coroutine' object is not iterable
2025-04-04 16:56:00,341 - telegram_bot_runner - ERROR - Error in polling loop: 'coroutine' object is not iterable
2025-04-04 16:56:05,341 - telegram_bot_runner - ERROR - Error in polling loop: 'coroutine' object is not iterable
2025-04-04 16:56:10,341 - telegram_bot_runner - ERROR - Error in polling loop: 'coroutine' object is not iterable
2025-04-04 16:56:15,343 - telegram_bot_runner - ERROR - Error in polling loop: 'coroutine' object is not iterable
2025-04-04 16:56:20,343 - telegram_bot_runner - ERROR - Error in polling loop: 'coroutine' object is not iterable
2025-04-04 16:56:25,344 - telegram_bot_runner - ERROR - Error in polling loop: 'coroutine' object is not iterable
2025-04-04 16:56:30,344 - telegram_bot_runner - ERROR - Error in polling loop: 'coroutine' object is not iterable
2025-04-04 16:56:35,345 - telegram_bot_runner - ERROR - Error in polling loop: 'coroutine' object is not iterable
2025-04-04 16:56:40,346 - telegram_bot_runner - ERROR - Error in polling loop: 'coroutine' object is not iterable
2025-04-04 16:56:45,347 - telegram_bot_runner - ERROR - Error in polling loop: 'coroutine' object is not iterable
2025-04-04 16:56:50,349 - telegram_bot_runner - ERROR - Error in polling loop: 'coroutine' object is not iterable
2025-04-04 16:56:55,350 - telegram_bot_runner - ERROR - Error in polling loop: 'coroutine' object is not iterable
2025-04-04 16:57:00,351 - telegram_bot_runner - ERROR - Error in polling loop: 'coroutine' object is not iterable
2025-04-04 16:57:05,351 - telegram_bot_runner - ERROR - Error in polling loop: 'coroutine' object is not iterable
